Arguments: 
  C:\Program Files\nodejs\node.exe C:\Program Files (x86)\Yarn\bin\yarn.js init

PATH: 
  D:\Programs\Cmder\bin;D:\Programs\Cmder\vendor\bin;D:\Programs\Cmder\vendor\conemu-maximus5\ConEmu\Scripts;D:\Programs\Cmder\vendor\conemu-maximus5;D:\Programs\Cmder\vendor\conemu-maximus5\ConEmu;C:\Program Files (x86)\Common Files\Oracle\Java\javapath;C:\Windows\system32;C:\Windows;C:\Windows\System32\Wbem;C:\Windows\System32\WindowsPowerShell\v1.0\;C:\Windows\System32\OpenSSH\;C:\Program Files\NVIDIA Corporation\NVIDIA NvDLISR;C:\Program Files (x86)\NVIDIA Corporation\PhysX\Common;C:\Program Files (x86)\Yarn\bin\;C:\Program Files\nodejs\;C:\Program Files\dotnet\;C:\Program Files\Microsoft SQL Server\130\Tools\Binn\;C:\MinGW\bin;C:\Users\andyl\AppData\Local\Microsoft\WindowsApps;C:\Users\andyl\AppData\Local\Programs\Microsoft VS Code Insiders\bin;C:\Users\andyl\AppData\Local\Yarn\bin;C:\Users\andyl\AppData\Roaming\npm;D:\Programs\Cmder;D:\Programs\Cmder\vendor\git-for-windows\cmd;D:\Programs\Cmder\vendor\git-for-windows\mingw64\bin;D:\Programs\Cmder\vendor\git-for-windows\usr\bin;D:\Programs\Cmder

Yarn version: 
  1.16.0

Node version: 
  10.16.0

Platform: 
  win32 x64

Trace: 
  Error: canceled
      at Interface.<anonymous> (C:\Program Files (x86)\Yarn\lib\cli.js:125850:13)
      at Interface.emit (events.js:198:13)
      at Interface._ttyWrite (readline.js:801:16)
      at ReadStream.onkeypress (readline.js:184:10)
      at ReadStream.emit (events.js:198:13)
      at emitKeys (internal/readline.js:424:14)
      at emitKeys.next (<anonymous>)
      at ReadStream.onData (readline.js:1075:36)
      at ReadStream.emit (events.js:198:13)
      at addChunk (_stream_readable.js:288:12)

npm manifest: 
  No manifest

yarn manifest: 
  No manifest

Lockfile: 
  No lockfile
